TN:
SF:projects/canopy-ui/src/lib/a11y/a11y.module.ts
FNF:0
FNH:0
DA:12,1
LF:1
LH:1
BRF:0
BRH:0
end_of_record
TN:
SF:projects/canopy-ui/src/lib/a11y/announcer.component.ts
FN:11,(anonymous_0)
FN:13,(anonymous_1)
FN:20,(anonymous_2)
FN:40,(anonymous_4)
FN:42,(anonymous_5)
FN:47,(anonymous_6)
FNF:6
FNH:0
FNDA:0,(anonymous_0)
FNDA:0,(anonymous_1)
FNDA:0,(anonymous_2)
FNDA:0,(anonymous_4)
FNDA:0,(anonymous_5)
FNDA:0,(anonymous_6)
DA:10,1
DA:11,0
DA:14,0
DA:15,0
DA:17,0
DA:21,0
DA:37,1
DA:38,0
DA:40,0
DA:43,0
DA:44,0
DA:48,0
LF:12
LH:2
BRDA:13,0,0,0
BRDA:13,1,0,0
BRDA:14,2,0,0
BRDA:42,3,0,0
BRF:4
BRH:0
end_of_record
TN:
SF:projects/canopy-ui/src/lib/a11y/focus-trap.directive.ts
FN:18,(anonymous_0)
FN:21,(anonymous_1)
FN:25,(anonymous_2)
FNF:3
FNH:0
FNDA:0,(anonymous_0)
FNDA:0,(anonymous_1)
FNDA:0,(anonymous_2)
DA:16,1
DA:19,0
DA:22,0
DA:26,0
DA:27,0
LF:5
LH:1
BRF:0
BRH:0
end_of_record
TN:
SF:projects/canopy-ui/src/lib/a11y/skip-link.directive.ts
FN:21,(anonymous_0)
FN:25,(anonymous_1)
FN:32,(anonymous_2)
FNF:3
FNH:0
FNDA:0,(anonymous_0)
FNDA:0,(anonymous_1)
FNDA:0,(anonymous_2)
DA:18,1
DA:19,0
DA:21,0
DA:22,0
DA:23,0
DA:26,0
DA:27,0
DA:33,0
DA:34,0
DA:35,0
DA:37,0
DA:38,0
DA:39,0
DA:41,0
DA:42,0
LF:15
LH:1
BRDA:26,0,0,0
BRDA:34,1,0,0
BRDA:38,2,0,0
BRF:3
BRH:0
end_of_record
TN:
SF:projects/canopy-ui/src/lib/actions/button/button.component.ts
FN:29,(anonymous_0)
FN:43,(anonymous_1)
FN:51,(anonymous_2)
FN:55,(anonymous_3)
FN:59,(anonymous_4)
FN:63,(anonymous_5)
FNF:6
FNH:5
FNDA:4,(anonymous_0)
FNDA:6,(anonymous_1)
FNDA:14,(anonymous_2)
FNDA:8,(anonymous_3)
FNDA:0,(anonymous_4)
FNDA:1,(anonymous_5)
DA:29,1
DA:30,4
DA:31,4
DA:32,4
DA:34,4
DA:35,4
DA:36,4
DA:37,4
DA:38,4
DA:39,4
DA:41,4
DA:44,6
DA:45,6
DA:46,0
DA:47,0
DA:52,14
DA:56,8
DA:60,0
DA:64,1
DA:65,0
DA:66,0
DA:67,0
DA:69,1
LF:23
LH:17
BRDA:44,0,0,6
BRDA:44,0,1,0
BRDA:44,0,2,0
BRDA:52,1,0,14
BRDA:52,1,1,2
BRDA:60,2,0,0
BRDA:60,2,1,0
BRDA:64,3,0,0
BRDA:64,4,0,1
BRDA:64,4,1,1
BRF:10
BRH:5
end_of_record
TN:
SF:projects/canopy-ui/src/lib/actions/button/button.module.ts
FNF:0
FNH:0
DA:13,1
LF:1
LH:1
BRF:0
BRH:0
end_of_record
TN:
SF:projects/canopy-ui/src/lib/actions/icon-button/icon-button.component.ts
FN:19,(anonymous_0)
FN:32,(anonymous_1)
FN:36,(anonymous_2)
FN:40,(anonymous_3)
FN:44,(anonymous_4)
FNF:5
FNH:0
FNDA:0,(anonymous_0)
FNDA:0,(anonymous_1)
FNDA:0,(anonymous_2)
FNDA:0,(anonymous_3)
FNDA:0,(anonymous_4)
DA:19,1
DA:20,0
DA:21,0
DA:22,0
DA:24,0
DA:25,0
DA:26,0
DA:27,0
DA:28,0
DA:30,0
DA:33,0
DA:37,0
DA:41,0
DA:45,0
DA:46,0
DA:48,0
LF:16
LH:1
BRDA:37,0,0,0
BRDA:37,0,1,0
BRDA:41,1,0,0
BRDA:41,1,1,0
BRDA:41,1,2,0
BRDA:41,1,3,0
BRDA:45,2,0,0
BRF:7
BRH:0
end_of_record
TN:
SF:projects/canopy-ui/src/lib/actions/icon-button/icon-button.module.ts
FNF:0
FNH:0
DA:14,1
LF:1
LH:1
BRF:0
BRH:0
end_of_record
TN:
SF:projects/canopy-ui/src/lib/actions/menu/menu.component.ts
FN:29,(anonymous_0)
FN:42,(anonymous_1)
FN:46,(anonymous_2)
FN:53,(anonymous_3)
FN:57,(anonymous_4)
FNF:5
FNH:0
FNDA:0,(anonymous_0)
FNDA:0,(anonymous_1)
FNDA:0,(anonymous_2)
FNDA:0,(anonymous_3)
FNDA:0,(anonymous_4)
DA:29,1
DA:30,0
DA:31,0
DA:32,0
DA:33,0
DA:34,0
DA:36,0
DA:37,0
DA:38,0
DA:43,0
DA:47,0
DA:48,0
DA:50,0
DA:54,0
DA:58,0
LF:15
LH:1
BRDA:43,0,0,0
BRDA:43,0,1,0
BRDA:47,1,0,0
BRF:3
BRH:0
end_of_record
TN:
SF:projects/canopy-ui/src/lib/actions/menu/menu.module.ts
FNF:0
FNH:0
DA:14,1
LF:1
LH:1
BRF:0
BRH:0
end_of_record
TN:
SF:projects/canopy-ui/src/lib/content/disclosure/content.service.ts
FN:17,(anonymous_0)
FN:28,(anonymous_1)
FN:30,(anonymous_2)
FN:39,(anonymous_3)
FN:45,(anonymous_4)
FNF:5
FNH:4
FNDA:0,(anonymous_0)
FNDA:3,(anonymous_1)
FNDA:1,(anonymous_2)
FNDA:1,(anonymous_3)
FNDA:1,(anonymous_4)
DA:15,1
DA:17,0
DA:25,1
DA:26,3
DA:28,3
DA:31,1
DA:32,1
DA:33,1
DA:34,1
DA:36,1
DA:40,1
DA:41,0
DA:43,1
DA:45,1
LF:14
LH:12
BRDA:32,0,0,1
BRDA:40,1,0,0
BRF:2
BRH:1
end_of_record
TN:
SF:projects/canopy-ui/src/lib/content/disclosure/disclosure.component.ts
FN:37,(anonymous_0)
FN:39,(anonymous_1)
FN:47,(anonymous_2)
FN:51,(anonymous_3)
FN:55,(anonymous_4)
FN:59,(anonymous_5)
FN:64,(anonymous_6)
FN:72,(anonymous_7)
FNF:8
FNH:6
FNDA:3,(anonymous_0)
FNDA:2,(anonymous_1)
FNDA:3,(anonymous_2)
FNDA:0,(anonymous_3)
FNDA:1,(anonymous_4)
FNDA:1,(anonymous_5)
FNDA:0,(anonymous_6)
FNDA:2,(anonymous_7)
DA:23,1
DA:24,3
DA:25,3
DA:26,3
DA:27,3
DA:28,3
DA:29,3
DA:31,3
DA:32,3
DA:33,3
DA:37,3
DA:40,2
DA:41,1
DA:42,1
DA:43,1
DA:48,3
DA:52,0
DA:56,1
DA:57,1
DA:58,1
DA:60,1
DA:61,1
DA:62,1
DA:65,0
DA:66,0
DA:67,0
DA:77,2
DA:78,2
LF:28
LH:24
BRDA:40,0,0,1
BRDA:40,0,1,1
BRDA:40,1,0,2
BRDA:40,1,1,1
BRDA:42,2,0,1
BRDA:42,3,0,1
BRDA:42,3,1,1
BRF:7
BRH:7
end_of_record
TN:
SF:projects/canopy-ui/src/lib/content/disclosure/disclosure.module.ts
FNF:0
FNH:0
DA:12,1
LF:1
LH:1
BRF:0
BRH:0
end_of_record
TN:
SF:projects/canopy-ui/src/lib/core/canopy-config.ts
FN:33,(anonymous_0)
FNF:1
FNH:0
FNDA:0,(anonymous_0)
DA:23,1
DA:31,1
DA:33,0
LF:3
LH:2
BRF:0
BRH:0
end_of_record
TN:
SF:projects/canopy-ui/src/lib/core/core.module.ts
FN:10,(anonymous_0)
FNF:1
FNH:0
FNDA:0,(anonymous_0)
DA:9,1
DA:11,0
LF:2
LH:1
BRDA:10,0,0,0
BRF:1
BRH:0
end_of_record
TN:
SF:projects/canopy-ui/src/lib/core/currency-format.service.ts
FN:12,(anonymous_0)
FN:14,(anonymous_1)
FN:22,(anonymous_2)
FN:43,(anonymous_3)
FN:45,(anonymous_4)
FN:49,(anonymous_5)
FNF:6
FNH:0
FNDA:0,(anonymous_0)
FNDA:0,(anonymous_1)
FNDA:0,(anonymous_2)
FNDA:0,(anonymous_3)
FNDA:0,(anonymous_4)
FNDA:0,(anonymous_5)
DA:9,1
DA:10,0
DA:12,0
DA:15,0
DA:16,0
DA:18,0
DA:23,0
DA:24,0
DA:26,0
DA:27,0
DA:28,0
DA:30,0
DA:31,0
DA:32,0
DA:33,0
DA:35,0
DA:36,0
DA:37,0
DA:39,0
DA:44,0
DA:45,0
DA:46,0
DA:50,0
DA:51,0
DA:52,0
DA:53,0
DA:54,0
DA:55,0
DA:56,0
DA:58,0
LF:30
LH:1
BRDA:15,0,0,0
BRDA:15,1,0,0
BRDA:15,1,1,0
BRDA:15,1,2,0
BRDA:23,2,0,0
BRDA:23,3,0,0
BRDA:23,3,1,0
BRDA:27,4,0,0
BRDA:30,5,0,0
BRDA:30,5,1,0
BRDA:32,6,0,0
BRDA:36,7,0,0
BRDA:39,8,0,0
BRDA:39,8,1,0
BRDA:46,9,0,0
BRDA:46,9,1,0
BRDA:50,10,0,0
BRDA:50,10,1,0
BRDA:51,11,0,0
BRDA:51,11,1,0
BRDA:54,12,0,0
BRF:21
BRH:0
end_of_record
TN:
SF:projects/canopy-ui/src/lib/core/theme.service.ts
FN:25,(anonymous_0)
FN:23,(anonymous_1)
FN:42,(anonymous_2)
FN:46,(anonymous_3)
FN:50,(anonymous_4)
FN:52,(anonymous_5)
FN:60,(anonymous_6)
FN:68,(anonymous_7)
FN:70,(anonymous_8)
FN:76,(anonymous_9)
FN:81,(anonymous_10)
FN:94,(anonymous_11)
FN:108,(anonymous_12)
FNF:13
FNH:0
FNDA:0,(anonymous_0)
FNDA:0,(anonymous_1)
FNDA:0,(anonymous_2)
FNDA:0,(anonymous_3)
FNDA:0,(anonymous_4)
FNDA:0,(anonymous_5)
FNDA:0,(anonymous_6)
FNDA:0,(anonymous_7)
FNDA:0,(anonymous_8)
FNDA:0,(anonymous_9)
FNDA:0,(anonymous_10)
FNDA:0,(anonymous_11)
FNDA:0,(anonymous_12)
DA:6,1
DA:7,1
DA:8,1
DA:9,1
DA:19,1
DA:20,0
DA:23,0
DA:25,0
DA:26,0
DA:27,0
DA:28,0
DA:29,0
DA:31,0
DA:32,0
DA:33,0
DA:34,0
DA:36,0
DA:38,0
DA:39,0
DA:43,0
DA:47,0
DA:51,0
DA:52,0
DA:53,0
DA:54,0
DA:55,0
DA:56,0
DA:61,0
DA:69,0
DA:70,0
DA:71,0
DA:72,0
DA:77,0
DA:78,0
DA:82,0
DA:83,0
DA:85,0
DA:86,0
DA:87,0
DA:88,0
DA:90,0
DA:95,0
DA:96,0
DA:97,0
DA:99,0
DA:100,0
DA:101,0
DA:104,0
DA:109,0
DA:110,0
DA:111,0
DA:113,0
DA:114,0
LF:53
LH:5
BRDA:28,0,0,0
BRDA:28,0,1,0
BRDA:28,1,0,0
BRDA:28,1,1,0
BRDA:29,2,0,0
BRDA:29,2,1,0
BRDA:29,3,0,0
BRDA:29,3,1,0
BRDA:31,4,0,0
BRDA:31,4,1,0
BRDA:33,5,0,0
BRDA:33,5,1,0
BRDA:50,6,0,0
BRDA:55,7,0,0
BRDA:61,8,0,0
BRDA:61,8,1,0
BRDA:71,9,0,0
BRDA:82,10,0,0
BRDA:85,11,0,0
BRDA:85,11,1,0
BRDA:87,12,0,0
BRDA:87,12,1,0
BRDA:90,13,0,0
BRDA:90,13,1,0
BRDA:96,14,0,0
BRDA:101,15,0,0
BRDA:101,15,1,0
BRDA:110,16,0,0
BRF:28
BRH:0
end_of_record
TN:
SF:projects/canopy-ui/src/lib/data-display/account-card/account-card.component.ts
FN:68,(anonymous_0)
FN:72,(anonymous_1)
FN:76,(anonymous_2)
FN:80,(anonymous_3)
FN:84,(anonymous_4)
FN:88,(anonymous_5)
FN:97,(anonymous_6)
FN:104,(anonymous_7)
FN:109,(anonymous_8)
FN:116,(anonymous_9)
FN:122,(anonymous_10)
FN:128,(anonymous_11)
FNF:12
FNH:0
FNDA:0,(anonymous_0)
FNDA:0,(anonymous_1)
FNDA:0,(anonymous_2)
FNDA:0,(anonymous_3)
FNDA:0,(anonymous_4)
FNDA:0,(anonymous_5)
FNDA:0,(anonymous_6)
FNDA:0,(anonymous_7)
FNDA:0,(anonymous_8)
FNDA:0,(anonymous_9)
FNDA:0,(anonymous_10)
FNDA:0,(anonymous_11)
DA:27,1
DA:56,1
DA:57,0
DA:58,0
DA:59,0
DA:60,0
DA:61,0
DA:64,0
DA:66,0
DA:68,0
DA:69,0
DA:73,0
DA:77,0
DA:81,0
DA:85,0
DA:89,0
DA:90,0
DA:91,0
DA:92,0
DA:93,0
DA:98,0
DA:99,0
DA:101,0
DA:105,0
DA:106,0
DA:110,0
DA:111,0
DA:113,0
DA:117,0
DA:118,0
DA:119,0
DA:123,0
DA:124,0
DA:129,0
DA:130,0
DA:131,0
LF:36
LH:2
BRDA:73,0,0,0
BRDA:73,0,1,0
BRDA:77,1,0,0
BRDA:77,1,1,0
BRDA:81,2,0,0
BRDA:81,2,1,0
BRDA:85,3,0,0
BRDA:85,3,1,0
BRDA:89,4,0,0
BRDA:89,4,1,0
BRDA:89,4,2,0
BRDA:89,4,3,0
BRDA:98,5,0,0
BRDA:98,6,0,0
BRDA:98,6,1,0
BRDA:98,6,2,0
BRDA:105,7,0,0
BRDA:105,7,1,0
BRDA:106,8,0,0
BRDA:106,8,1,0
BRDA:106,9,0,0
BRDA:106,9,1,0
BRDA:110,10,0,0
BRDA:110,11,0,0
BRDA:110,11,1,0
BRDA:113,12,0,0
BRDA:113,12,1,0
BRDA:123,13,0,0
BRDA:123,14,0,0
BRDA:123,14,1,0
BRDA:129,15,0,0
BRDA:129,16,0,0
BRDA:129,16,1,0
BRF:33
BRH:0
end_of_record
TN:
SF:projects/canopy-ui/src/lib/data-display/account-card/account-card.module.ts
FNF:0
FNH:0
DA:14,1
LF:1
LH:1
BRF:0
BRH:0
end_of_record
TN:
SF:projects/canopy-ui/src/lib/data-display/badge/badge.component.ts
FN:24,(anonymous_0)
FNF:1
FNH:0
FNDA:0,(anonymous_0)
DA:24,1
DA:25,0
DA:26,0
DA:27,0
DA:28,0
LF:5
LH:1
BRF:0
BRH:0
end_of_record
TN:
SF:projects/canopy-ui/src/lib/data-display/badge/badge.module.ts
FNF:0
FNH:0
DA:6,1
LF:1
LH:1
BRF:0
BRH:0
end_of_record
TN:
SF:projects/canopy-ui/src/lib/data-display/card/card.component.ts
FN:26,(anonymous_0)
FNF:1
FNH:0
FNDA:0,(anonymous_0)
DA:26,1
DA:27,0
DA:28,0
DA:29,0
DA:30,0
DA:31,0
DA:32,0
LF:7
LH:1
BRF:0
BRH:0
end_of_record
TN:
SF:projects/canopy-ui/src/lib/data-display/card/card.module.ts
FNF:0
FNH:0
DA:7,1
LF:1
LH:1
BRF:0
BRH:0
end_of_record
TN:
SF:projects/canopy-ui/src/lib/data-display/data-table/column-def.directive.ts
FN:12,(anonymous_0)
FNF:1
FNH:0
FNDA:0,(anonymous_0)
DA:8,1
DA:10,0
DA:12,0
LF:3
LH:1
BRF:0
BRH:0
end_of_record
TN:
SF:projects/canopy-ui/src/lib/data-display/data-table/data-table.component.ts
FN:71,(anonymous_0)
FN:74,(anonymous_1)
FN:105,(anonymous_2)
FN:87,(anonymous_3)
FN:109,(anonymous_4)
FN:110,(anonymous_5)
FN:116,(anonymous_6)
FN:117,(anonymous_7)
FN:121,(anonymous_8)
FN:125,(anonymous_9)
FN:129,(anonymous_10)
FN:133,(anonymous_11)
FN:145,(anonymous_12)
FN:147,(anonymous_13)
FN:156,(anonymous_14)
FN:161,(anonymous_15)
FN:167,(anonymous_16)
FN:172,(anonymous_17)
FN:173,(anonymous_18)
FN:176,(anonymous_19)
FN:183,(anonymous_20)
FN:188,(anonymous_21)
FN:193,(anonymous_22)
FN:200,(anonymous_23)
FN:212,(anonymous_24)
FN:216,(anonymous_25)
FN:220,(anonymous_26)
FN:224,(anonymous_27)
FN:231,(anonymous_28)
FN:235,(anonymous_29)
FN:245,(anonymous_30)
FNF:31
FNH:28
FNDA:392,(anonymous_0)
FNDA:7,(anonymous_1)
FNDA:7,(anonymous_2)
FNDA:510,(anonymous_3)
FNDA:218,(anonymous_4)
FNDA:872,(anonymous_5)
FNDA:42,(anonymous_6)
FNDA:168,(anonymous_7)
FNDA:42,(anonymous_8)
FNDA:24,(anonymous_9)
FNDA:21,(anonymous_10)
FNDA:7,(anonymous_11)
FNDA:7,(anonymous_12)
FNDA:1,(anonymous_13)
FNDA:1,(anonymous_14)
FNDA:1,(anonymous_15)
FNDA:7,(anonymous_16)
FNDA:1400,(anonymous_17)
FNDA:0,(anonymous_18)
FNDA:3368,(anonymous_19)
FNDA:350,(anonymous_20)
FNDA:350,(anonymous_21)
FNDA:350,(anonymous_22)
FNDA:1400,(anonymous_23)
FNDA:1484,(anonymous_24)
FNDA:350,(anonymous_25)
FNDA:1,(anonymous_26)
FNDA:0,(anonymous_27)
FNDA:0,(anonymous_28)
FNDA:1,(anonymous_29)
FNDA:350,(anonymous_30)
DA:65,1
DA:66,7
DA:67,7
DA:68,7
DA:72,392
DA:75,7
DA:77,7
DA:78,7
DA:79,7
DA:80,7
DA:81,7
DA:82,7
DA:83,7
DA:84,7
DA:85,7
DA:86,7
DA:87,510
DA:88,7
DA:91,7
DA:92,7
DA:93,7
DA:94,7
DA:100,7
DA:101,7
DA:102,7
DA:105,7
DA:106,7
DA:107,7
DA:108,7
DA:109,7
DA:110,872
DA:111,218
DA:112,218
DA:117,168
DA:118,42
DA:122,42
DA:126,24
DA:130,21
DA:134,7
DA:135,7
DA:136,7
DA:138,7
DA:139,0
DA:140,0
DA:141,0
DA:146,7
DA:147,7
DA:148,1
DA:149,1
DA:151,7
DA:152,7
DA:155,7
DA:156,7
DA:157,7
DA:158,7
DA:161,7
DA:162,1
DA:164,7
DA:168,7
DA:169,7
DA:173,1400
DA:177,3368
DA:178,0
DA:180,3368
DA:184,350
DA:185,350
DA:189,350
DA:190,350
DA:194,350
DA:195,0
DA:197,350
DA:201,1400
DA:202,1400
DA:203,0
DA:205,1400
DA:206,1400
DA:207,185
DA:209,1400
DA:213,1484
DA:217,350
DA:221,1
DA:225,0
DA:226,0
DA:228,0
DA:232,0
DA:236,1
DA:237,1
DA:238,1
DA:239,0
DA:240,0
DA:241,0
DA:246,350
DA:247,350
DA:248,10
DA:250,350
DA:251,0
DA:253,350
LF:97
LH:83
BRDA:112,0,0,218
BRDA:112,0,1,0
BRDA:112,1,0,0
BRDA:112,1,1,0
BRDA:112,2,0,0
BRDA:112,2,1,0
BRDA:118,3,0,42
BRDA:118,3,1,0
BRDA:122,4,0,0
BRDA:122,4,1,42
BRDA:122,5,0,42
BRDA:122,5,1,0
BRDA:126,6,0,24
BRDA:126,6,1,24
BRDA:130,7,0,21
BRDA:130,7,1,1
BRDA:134,8,0,7
BRDA:138,9,0,0
BRDA:138,10,0,7
BRDA:138,10,1,0
BRDA:138,10,2,0
BRDA:146,11,0,7
BRDA:151,12,0,7
BRDA:155,13,0,7
BRDA:157,14,0,7
BRDA:173,15,0,1400
BRDA:173,15,1,1400
BRDA:177,16,0,0
BRDA:180,17,0,0
BRDA:180,17,1,3368
BRDA:185,18,0,350
BRDA:185,18,1,0
BRDA:185,19,0,0
BRDA:185,19,1,0
BRDA:185,20,0,0
BRDA:185,20,1,0
BRDA:185,20,2,0
BRDA:190,21,0,350
BRDA:190,21,1,0
BRDA:190,22,0,350
BRDA:190,22,1,0
BRDA:190,22,2,0
BRDA:194,23,0,0
BRDA:197,24,0,350
BRDA:197,24,1,350
BRDA:197,24,2,350
BRDA:201,25,0,1400
BRDA:201,25,1,350
BRDA:201,26,0,1400
BRDA:201,26,1,1400
BRDA:201,27,0,350
BRDA:201,27,1,1050
BRDA:202,28,0,0
BRDA:206,29,0,185
BRDA:206,30,0,1400
BRDA:206,30,1,350
BRDA:206,30,2,350
BRDA:213,31,0,1484
BRDA:213,31,1,1113
BRDA:217,32,0,350
BRDA:217,32,1,0
BRDA:221,33,0,0
BRDA:221,33,1,1
BRDA:225,34,0,0
BRDA:236,35,0,1
BRDA:236,35,1,0
BRDA:239,36,0,0
BRDA:239,37,0,0
BRDA:239,37,1,0
BRDA:247,38,0,10
BRDA:250,39,0,0
BRF:71
BRH:39
end_of_record
TN:
SF:projects/canopy-ui/src/lib/data-display/data-table/data-table.module.ts
FNF:0
FNH:0
DA:16,1
LF:1
LH:1
BRF:0
BRH:0
end_of_record
TN:
SF:projects/canopy-ui/src/lib/data-display/divider/divider.component.ts
FN:22,(anonymous_0)
FNF:1
FNH:0
FNDA:0,(anonymous_0)
DA:22,1
DA:23,0
DA:24,0
DA:25,0
DA:26,0
LF:5
LH:1
BRF:0
BRH:0
end_of_record
TN:
SF:projects/canopy-ui/src/lib/data-display/divider/divider.module.ts
FNF:0
FNH:0
DA:7,1
LF:1
LH:1
BRF:0
BRH:0
end_of_record
TN:
SF:projects/canopy-ui/src/lib/data-display/expansion/expansion.component.ts
FN:18,(anonymous_0)
FN:28,(anonymous_1)
FN:32,(anonymous_2)
FN:37,(anonymous_3)
FNF:4
FNH:0
FNDA:0,(anonymous_0)
FNDA:0,(anonymous_1)
FNDA:0,(anonymous_2)
FNDA:0,(anonymous_3)
DA:18,1
DA:19,0
DA:20,0
DA:21,0
DA:22,0
DA:23,0
DA:24,0
DA:26,0
DA:29,0
DA:33,0
DA:34,0
DA:38,0
DA:39,0
LF:13
LH:1
BRDA:29,0,0,0
BRDA:29,0,1,0
BRF:2
BRH:0
end_of_record
TN:
SF:projects/canopy-ui/src/lib/data-display/expansion/expansion.module.ts
FNF:0
FNH:0
DA:12,1
LF:1
LH:1
BRF:0
BRH:0
end_of_record
TN:
SF:projects/canopy-ui/src/lib/data-display/filter-chips/filter-chips.component.ts
FN:51,(anonymous_0)
FN:48,(anonymous_1)
FN:49,(anonymous_2)
FN:53,(anonymous_3)
FN:57,(anonymous_4)
FN:62,(anonymous_5)
FN:69,(anonymous_6)
FN:75,(anonymous_7)
FN:77,(anonymous_8)
FN:79,(anonymous_9)
FN:84,(anonymous_10)
FN:89,(anonymous_11)
FN:94,(anonymous_12)
FN:98,(anonymous_13)
FN:102,(anonymous_14)
FN:106,(anonymous_15)
FN:31,(anonymous_17)
FNF:17
FNH:12
FNDA:4,(anonymous_0)
FNDA:4,(anonymous_1)
FNDA:4,(anonymous_2)
FNDA:24,(anonymous_3)
FNDA:0,(anonymous_4)
FNDA:3,(anonymous_5)
FNDA:4,(anonymous_6)
FNDA:3,(anonymous_7)
FNDA:1,(anonymous_8)
FNDA:2,(anonymous_9)
FNDA:1,(anonymous_10)
FNDA:1,(anonymous_11)
FNDA:0,(anonymous_12)
FNDA:0,(anonymous_13)
FNDA:0,(anonymous_14)
FNDA:4,(anonymous_15)
FNDA:0,(anonymous_17)
DA:31,0
DA:34,1
DA:35,4
DA:36,4
DA:37,4
DA:38,4
DA:39,4
DA:41,4
DA:45,4
DA:46,4
DA:48,4
DA:49,4
DA:51,4
DA:54,24
DA:58,0
DA:63,3
DA:64,0
DA:66,3
DA:70,4
DA:71,0
DA:76,3
DA:77,2
DA:79,2
DA:81,3
DA:85,1
DA:86,1
DA:90,1
DA:91,1
DA:95,0
DA:99,0
DA:103,0
DA:107,4
DA:108,4
DA:109,4
LF:34
LH:27
BRDA:58,0,0,0
BRDA:58,0,1,0
BRDA:63,1,0,0
BRDA:63,2,0,3
BRDA:63,2,1,3
BRDA:70,3,0,0
BRDA:76,4,0,2
BRDA:76,4,1,1
BRDA:77,5,0,2
BRDA:77,5,1,0
BRDA:90,6,0,0
BRDA:90,6,1,1
BRDA:90,7,0,1
BRDA:90,7,1,1
BRDA:90,8,0,1
BRDA:90,8,1,0
BRDA:107,9,0,4
BRDA:107,9,1,0
BRDA:107,10,0,0
BRDA:107,10,1,0
BRF:20
BRH:10
end_of_record
TN:
SF:projects/canopy-ui/src/lib/data-display/filter-chips/filter-chips.module.ts
FNF:0
FNH:0
DA:17,1
LF:1
LH:1
BRF:0
BRH:0
end_of_record
TN:
SF:projects/canopy-ui/src/lib/data-display/list/list.component.ts
FN:28,(anonymous_0)
FN:39,(anonymous_1)
FN:43,(anonymous_2)
FN:49,(anonymous_3)
FNF:4
FNH:0
FNDA:0,(anonymous_0)
FNDA:0,(anonymous_1)
FNDA:0,(anonymous_2)
FNDA:0,(anonymous_3)
DA:28,1
DA:29,0
DA:30,0
DA:31,0
DA:32,0
DA:33,0
DA:34,0
DA:35,0
DA:37,0
DA:40,0
DA:44,0
DA:45,0
DA:50,0
LF:13
LH:1
BRDA:40,0,0,0
BRDA:40,0,1,0
BRDA:44,1,0,0
BRDA:44,2,0,0
BRDA:44,2,1,0
BRF:5
BRH:0
end_of_record
TN:
SF:projects/canopy-ui/src/lib/data-display/list/list.module.ts
FNF:0
FNH:0
DA:13,1
LF:1
LH:1
BRF:0
BRH:0
end_of_record
TN:
SF:projects/canopy-ui/src/lib/data-display/skeleton/skeleton.component.ts
FN:27,(anonymous_0)
FN:35,(anonymous_1)
FN:36,(anonymous_2)
FNF:3
FNH:0
FNDA:0,(anonymous_0)
FNDA:0,(anonymous_1)
FNDA:0,(anonymous_2)
DA:27,1
DA:28,0
DA:29,0
DA:30,0
DA:31,0
DA:32,0
DA:33,0
DA:36,0
LF:8
LH:1
BRF:0
BRH:0
end_of_record
TN:
SF:projects/canopy-ui/src/lib/data-display/skeleton/skeleton.module.ts
FNF:0
FNH:0
DA:6,1
LF:1
LH:1
BRF:0
BRH:0
end_of_record
TN:
SF:projects/canopy-ui/src/lib/data-display/virtual-list/virtual-list.component.ts
FN:32,(anonymous_0)
FN:36,(anonymous_1)
FN:50,(anonymous_2)
FN:64,(anonymous_3)
FN:89,(anonymous_4)
FN:94,(anonymous_5)
FN:99,(anonymous_6)
FN:103,(anonymous_7)
FNF:8
FNH:0
FNDA:0,(anonymous_0)
FNDA:0,(anonymous_1)
FNDA:0,(anonymous_2)
FNDA:0,(anonymous_3)
FNDA:0,(anonymous_4)
FNDA:0,(anonymous_5)
FNDA:0,(anonymous_6)
FNDA:0,(anonymous_7)
DA:32,1
DA:33,0
DA:34,0
DA:35,0
DA:36,0
DA:37,0
DA:38,0
DA:39,0
DA:41,0
DA:42,0
DA:45,0
DA:47,0
DA:48,0
DA:51,0
DA:52,0
DA:54,0
DA:55,0
DA:56,0
DA:57,0
DA:59,0
DA:65,0
DA:66,0
DA:68,0
DA:69,0
DA:70,0
DA:71,0
DA:72,0
DA:73,0
DA:74,0
DA:75,0
DA:78,0
DA:79,0
DA:80,0
DA:82,0
DA:83,0
DA:85,0
DA:86,0
DA:90,0
DA:91,0
DA:95,0
DA:96,0
DA:100,0
DA:104,0
LF:43
LH:1
BRDA:51,0,0,0
BRDA:55,1,0,0
BRDA:55,2,0,0
BRDA:55,2,1,0
BRDA:59,3,0,0
BRDA:59,4,0,0
BRDA:59,4,1,0
BRDA:65,5,0,0
BRDA:69,6,0,0
BRDA:69,6,1,0
BRDA:69,6,2,0
BRDA:69,6,3,0
BRDA:69,6,4,0
BRDA:69,6,5,0
BRDA:69,6,6,0
BRDA:69,6,7,0
BRDA:69,6,8,0
BRDA:78,7,0,0
BRDA:104,8,0,0
BRDA:104,8,1,0
BRF:20
BRH:0
end_of_record
TN:
SF:projects/canopy-ui/src/lib/data-display/virtual-list/virtual-list.module.ts
FNF:0
FNH:0
DA:11,1
LF:1
LH:1
BRF:0
BRH:0
end_of_record
TN:
SF:projects/canopy-ui/src/lib/feedback/error-summary/error-summary.component.ts
FN:40,(anonymous_0)
FN:42,(anonymous_1)
FN:47,(anonymous_2)
FN:48,(anonymous_3)
FN:51,(anonymous_4)
FN:57,(anonymous_5)
FN:64,(anonymous_6)
FN:76,(anonymous_7)
FNF:8
FNH:0
FNDA:0,(anonymous_0)
FNDA:0,(anonymous_1)
FNDA:0,(anonymous_2)
FNDA:0,(anonymous_3)
FNDA:0,(anonymous_4)
FNDA:0,(anonymous_5)
FNDA:0,(anonymous_6)
FNDA:0,(anonymous_7)
DA:30,1
DA:31,0
DA:32,0
DA:33,0
DA:34,0
DA:35,0
DA:36,0
DA:38,0
DA:40,0
DA:43,0
DA:44,0
DA:46,0
DA:47,0
DA:48,0
DA:52,0
DA:53,0
DA:58,0
DA:59,0
DA:60,0
DA:65,0
DA:66,0
DA:67,0
DA:68,0
DA:71,0
DA:72,0
DA:77,0
DA:78,0
DA:79,0
DA:81,0
DA:82,0
LF:30
LH:1
BRDA:43,0,0,0
BRDA:43,1,0,0
BRDA:43,1,1,0
BRDA:52,2,0,0
BRDA:52,3,0,0
BRDA:52,3,1,0
BRDA:52,3,2,0
BRDA:58,4,0,0
BRDA:58,5,0,0
BRDA:58,5,1,0
BRDA:66,6,0,0
BRDA:68,7,0,0
BRDA:68,7,1,0
BRDA:71,8,0,0
BRDA:71,8,1,0
BRDA:78,9,0,0
BRDA:81,10,0,0
BRDA:81,10,1,0
BRDA:82,11,0,0
BRDA:82,11,1,0
BRDA:82,11,2,0
BRDA:82,11,3,0
BRF:22
BRH:0
end_of_record
TN:
SF:projects/canopy-ui/src/lib/feedback/error-summary/error-summary.module.ts
FNF:0
FNH:0
DA:7,1
LF:1
LH:1
BRF:0
BRH:0
end_of_record
TN:
SF:projects/canopy-ui/src/lib/feedback/progress/progress.component.ts
FN:19,(anonymous_0)
FN:28,(anonymous_1)
FN:32,(anonymous_2)
FN:36,(anonymous_3)
FNF:4
FNH:4
FNDA:2,(anonymous_0)
FNDA:2,(anonymous_1)
FNDA:3,(anonymous_2)
FNDA:6,(anonymous_3)
DA:19,1
DA:20,2
DA:21,2
DA:22,2
DA:23,2
DA:24,2
DA:25,2
DA:26,2
DA:29,2
DA:33,3
DA:37,6
DA:38,6
DA:39,1
DA:41,5
DA:42,5
DA:45,0
LF:16
LH:15
BRDA:29,0,0,0
BRDA:29,0,1,2
BRDA:33,1,0,3
BRDA:33,1,1,0
BRDA:37,2,0,6
BRDA:37,3,0,6
BRDA:37,3,1,6
BRDA:38,4,0,1
BRDA:38,5,0,6
BRDA:38,5,1,6
BRDA:41,6,0,5
BRDA:41,7,0,5
BRDA:41,7,1,5
BRF:13
BRH:11
end_of_record
TN:
SF:projects/canopy-ui/src/lib/feedback/progress/progress.module.ts
FNF:0
FNH:0
DA:12,1
LF:1
LH:1
BRF:0
BRH:0
end_of_record
TN:
SF:projects/canopy-ui/src/lib/forms/forms.module.ts
FNF:0
FNH:0
DA:12,1
DA:19,1
LF:2
LH:2
BRF:0
BRH:0
end_of_record
TN:
SF:projects/canopy-ui/src/lib/forms/amount-slider/amount-slider.component.ts
FN:44,(anonymous_0)
FN:41,(anonymous_1)
FN:42,(anonymous_2)
FN:48,(anonymous_3)
FN:55,(anonymous_4)
FN:59,(anonymous_5)
FN:63,(anonymous_6)
FN:67,(anonymous_7)
FN:71,(anonymous_8)
FN:75,(anonymous_9)
FN:81,(anonymous_10)
FN:24,(anonymous_12)
FNF:12
FNH:3
FNDA:2,(anonymous_0)
FNDA:0,(anonymous_1)
FNDA:0,(anonymous_2)
FNDA:6,(anonymous_3)
FNDA:6,(anonymous_4)
FNDA:0,(anonymous_5)
FNDA:0,(anonymous_6)
FNDA:0,(anonymous_7)
FNDA:0,(anonymous_8)
FNDA:0,(anonymous_9)
FNDA:0,(anonymous_10)
FNDA:0,(anonymous_12)
DA:24,0
DA:27,1
DA:28,2
DA:29,2
DA:30,2
DA:31,2
DA:34,2
DA:36,2
DA:38,2
DA:39,2
DA:41,2
DA:42,2
DA:44,2
DA:45,2
DA:48,2
DA:49,6
DA:50,1
DA:52,5
DA:56,6
DA:60,0
DA:64,0
DA:68,0
DA:72,0
DA:76,0
DA:77,0
DA:78,0
DA:82,0
LF:27
LH:18
BRDA:49,0,0,1
BRDA:60,1,0,0
BRDA:60,1,1,0
BRDA:76,2,0,0
BRDA:76,2,1,0
BRF:5
BRH:1
end_of_record
TN:
SF:projects/canopy-ui/src/lib/forms/amount-slider/amount-slider.module.ts
FNF:0
FNH:0
DA:15,1
LF:1
LH:1
BRF:0
BRH:0
end_of_record
TN:
SF:projects/canopy-ui/src/lib/forms/autocomplete/autocomplete.component.ts
FN:32,(anonymous_0)
FN:41,(anonymous_1)
FN:53,(anonymous_2)
FN:54,(anonymous_3)
FN:92,(anonymous_4)
FN:56,(anonymous_5)
FN:61,(anonymous_6)
FN:74,(anonymous_7)
FN:78,(anonymous_8)
FN:87,(anonymous_9)
FN:95,(anonymous_10)
FN:103,(anonymous_11)
FN:107,(anonymous_12)
FN:113,(anonymous_13)
FN:118,(anonymous_14)
FN:122,(anonymous_15)
FN:126,(anonymous_16)
FN:29,(anonymous_17)
FNF:18
FNH:0
FNDA:0,(anonymous_0)
FNDA:0,(anonymous_1)
FNDA:0,(anonymous_2)
FNDA:0,(anonymous_3)
FNDA:0,(anonymous_4)
FNDA:0,(anonymous_5)
FNDA:0,(anonymous_6)
FNDA:0,(anonymous_7)
FNDA:0,(anonymous_8)
FNDA:0,(anonymous_9)
FNDA:0,(anonymous_10)
FNDA:0,(anonymous_11)
FNDA:0,(anonymous_12)
FNDA:0,(anonymous_13)
FNDA:0,(anonymous_14)
FNDA:0,(anonymous_15)
FNDA:0,(anonymous_16)
FNDA:0,(anonymous_17)
DA:29,0
DA:32,1
DA:33,0
DA:34,0
DA:35,0
DA:36,0
DA:37,0
DA:38,0
DA:39,0
DA:40,0
DA:41,0
DA:43,0
DA:45,0
DA:46,0
DA:47,0
DA:48,0
DA:49,0
DA:51,0
DA:52,0
DA:53,0
DA:54,0
DA:57,0
DA:62,0
DA:63,0
DA:65,0
DA:66,0
DA:67,0
DA:69,0
DA:70,0
DA:71,0
DA:73,0
DA:74,0
DA:79,0
DA:80,0
DA:81,0
DA:82,0
DA:88,0
DA:89,0
DA:92,0
DA:93,0
DA:96,0
DA:97,0
DA:98,0
DA:99,0
DA:100,0
DA:104,0
DA:108,0
DA:109,0
DA:110,0
DA:111,0
DA:113,0
DA:114,0
DA:115,0
DA:119,0
DA:123,0
DA:127,0
DA:128,0
DA:129,0
DA:131,0
LF:59
LH:1
BRDA:93,0,0,0
BRDA:93,0,1,0
BRDA:93,1,0,0
BRDA:93,1,1,0
BRDA:62,2,0,0
BRDA:62,3,0,0
BRDA:62,3,1,0
BRDA:65,4,0,0
BRDA:69,5,0,0
BRDA:69,6,0,0
BRDA:69,6,1,0
BRDA:80,7,0,0
BRDA:108,8,0,0
BRDA:108,9,0,0
BRDA:108,9,1,0
BRDA:114,10,0,0
BRDA:114,10,1,0
BRDA:128,11,0,0
BRDA:128,11,1,0
BRF:19
BRH:0
end_of_record
TN:
SF:projects/canopy-ui/src/lib/forms/autocomplete/autocomplete.module.ts
FNF:0
FNH:0
DA:15,1
LF:1
LH:1
BRF:0
BRH:0
end_of_record
TN:
SF:projects/canopy-ui/src/lib/forms/checkbox/checkbox.component.ts
FN:21,(anonymous_0)
FN:33,(anonymous_1)
FN:34,(anonymous_2)
FN:36,(anonymous_3)
FN:40,(anonymous_4)
FN:44,(anonymous_5)
FN:48,(anonymous_6)
FN:52,(anonymous_7)
FN:18,(anonymous_8)
FNF:9
FNH:0
FNDA:0,(anonymous_0)
FNDA:0,(anonymous_1)
FNDA:0,(anonymous_2)
FNDA:0,(anonymous_3)
FNDA:0,(anonymous_4)
FNDA:0,(anonymous_5)
FNDA:0,(anonymous_6)
FNDA:0,(anonymous_7)
FNDA:0,(anonymous_8)
DA:18,0
DA:21,1
DA:22,0
DA:23,0
DA:24,0
DA:25,0
DA:26,0
DA:28,0
DA:30,0
DA:31,0
DA:33,0
DA:34,0
DA:37,0
DA:41,0
DA:45,0
DA:49,0
DA:53,0
DA:54,0
DA:55,0
DA:56,0
DA:57,0
LF:21
LH:1
BRF:0
BRH:0
end_of_record
TN:
SF:projects/canopy-ui/src/lib/forms/checkbox/checkbox.module.ts
FNF:0
FNH:0
DA:11,1
LF:1
LH:1
BRF:0
BRH:0
end_of_record
TN:
SF:projects/canopy-ui/src/lib/forms/currency-input/currency-input.component.ts
FN:72,(anonymous_0)
FN:69,(anonymous_1)
FN:70,(anonymous_2)
FN:89,(anonymous_3)
FN:92,(anonymous_4)
FN:99,(anonymous_5)
FN:102,(anonymous_6)
FN:108,(anonymous_7)
FN:111,(anonymous_8)
FN:117,(anonymous_9)
FN:120,(anonymous_10)
FN:125,(anonymous_11)
FN:129,(anonymous_12)
FN:133,(anonymous_13)
FN:137,(anonymous_14)
FN:138,(anonymous_15)
FN:152,(anonymous_16)
FN:165,(anonymous_17)
FN:170,(anonymous_18)
FN:174,(anonymous_19)
FN:180,(anonymous_20)
FN:186,(anonymous_21)
FN:190,(anonymous_22)
FN:194,(anonymous_23)
FN:198,(anonymous_24)
FN:208,(anonymous_25)
FN:219,(anonymous_26)
FN:226,(anonymous_27)
FN:243,(anonymous_28)
FNF:29
FNH:19
FNDA:5,(anonymous_0)
FNDA:0,(anonymous_1)
FNDA:0,(anonymous_2)
FNDA:0,(anonymous_3)
FNDA:0,(anonymous_4)
FNDA:18,(anonymous_5)
FNDA:0,(anonymous_6)
FNDA:32,(anonymous_7)
FNDA:0,(anonymous_8)
FNDA:50,(anonymous_9)
FNDA:5,(anonymous_10)
FNDA:47,(anonymous_11)
FNDA:46,(anonymous_12)
FNDA:18,(anonymous_13)
FNDA:5,(anonymous_14)
FNDA:0,(anonymous_15)
FNDA:9,(anonymous_16)
FNDA:5,(anonymous_17)
FNDA:9,(anonymous_18)
FNDA:0,(anonymous_19)
FNDA:6,(anonymous_20)
FNDA:10,(anonymous_21)
FNDA:10,(anonymous_22)
FNDA:5,(anonymous_23)
FNDA:3,(anonymous_24)
FNDA:0,(anonymous_25)
FNDA:0,(anonymous_26)
FNDA:3,(anonymous_27)
FNDA:6,(anonymous_28)
DA:12,1
DA:41,1
DA:51,5
DA:52,5
DA:53,5
DA:54,5
DA:56,5
DA:57,5
DA:58,5
DA:59,5
DA:60,5
DA:61,5
DA:62,5
DA:63,5
DA:65,5
DA:66,5
DA:67,5
DA:68,5
DA:69,5
DA:70,5
DA:73,5
DA:74,5
DA:75,5
DA:77,5
DA:78,5
DA:79,5
DA:81,5
DA:82,5
DA:83,5
DA:84,5
DA:90,0
DA:93,0
DA:94,0
DA:95,0
DA:100,18
DA:103,0
DA:104,0
DA:109,32
DA:112,0
DA:113,0
DA:118,50
DA:121,5
DA:122,5
DA:126,47
DA:130,46
DA:134,18
DA:138,5
DA:139,0
DA:140,0
DA:141,0
DA:142,0
DA:144,0
DA:145,0
DA:147,0
DA:148,0
DA:153,9
DA:154,9
DA:155,9
DA:156,9
DA:157,9
DA:158,9
DA:159,0
DA:160,0
DA:166,5
DA:167,5
DA:171,9
DA:175,0
DA:176,0
DA:181,6
DA:182,6
DA:183,6
DA:187,10
DA:191,10
DA:195,5
DA:199,3
DA:200,3
DA:201,3
DA:202,3
DA:203,3
DA:205,3
DA:209,0
DA:210,0
DA:211,0
DA:213,0
DA:214,0
DA:220,0
DA:221,0
DA:222,0
DA:223,0
DA:227,3
DA:228,3
DA:229,0
DA:231,3
DA:232,1
DA:234,3
DA:235,0
DA:237,3
DA:238,1
DA:240,3
DA:244,6
DA:245,5
DA:248,1
LF:102
LH:71
BRDA:83,0,0,5
BRDA:126,1,0,47
BRDA:126,1,1,31
BRDA:130,2,0,46
BRDA:130,2,1,46
BRDA:140,3,0,0
BRDA:140,4,0,0
BRDA:140,4,1,0
BRDA:144,5,0,0
BRDA:144,6,0,0
BRDA:144,6,1,0
BRDA:145,7,0,0
BRDA:145,7,1,0
BRDA:153,8,0,9
BRDA:155,9,0,9
BRDA:155,9,1,9
BRDA:156,10,0,0
BRDA:156,10,1,9
BRDA:157,11,0,9
BRDA:157,11,1,9
BRDA:157,11,2,5
BRDA:157,11,3,5
BRDA:158,12,0,0
BRDA:175,13,0,0
BRDA:181,14,0,1
BRDA:181,14,1,5
BRDA:181,15,0,6
BRDA:181,15,1,1
BRDA:182,16,0,0
BRDA:182,16,1,6
BRDA:182,17,0,0
BRDA:182,17,1,0
BRDA:201,18,0,3
BRDA:209,19,0,0
BRDA:209,19,1,0
BRDA:209,19,2,0
BRDA:209,19,3,0
BRDA:210,20,0,0
BRDA:213,21,0,0
BRDA:213,22,0,0
BRDA:213,22,1,0
BRDA:228,23,0,0
BRDA:231,24,0,1
BRDA:231,25,0,3
BRDA:231,25,1,3
BRDA:234,26,0,0
BRDA:234,27,0,3
BRDA:234,27,1,0
BRDA:237,28,0,1
BRDA:237,29,0,3
BRDA:237,29,1,3
BRDA:244,30,0,5
BRF:52
BRH:27
end_of_record
TN:
SF:projects/canopy-ui/src/lib/forms/currency-input/currency-input.module.ts
FNF:0
FNH:0
DA:12,1
LF:1
LH:1
BRF:0
BRH:0
end_of_record
TN:
SF:projects/canopy-ui/src/lib/forms/currency-input/currency.pipe.ts
FN:7,(anonymous_0)
FN:9,(anonymous_1)
FNF:2
FNH:0
FNDA:0,(anonymous_0)
FNDA:0,(anonymous_1)
DA:6,1
DA:7,0
DA:10,0
DA:11,0
DA:13,0
LF:5
LH:1
BRDA:10,0,0,0
BRDA:10,1,0,0
BRDA:10,1,1,0
BRF:3
BRH:0
end_of_record
TN:
SF:projects/canopy-ui/src/lib/forms/date-range/date-formats.ts
FNF:0
FNH:0
DA:7,1
LF:1
LH:1
BRF:0
BRH:0
end_of_record
TN:
SF:projects/canopy-ui/src/lib/forms/date-range/date-range.component.ts
FN:25,(anonymous_0)
FN:28,(anonymous_1)
FN:29,(anonymous_2)
FN:30,(anonymous_3)
FN:31,(anonymous_4)
FN:35,(anonymous_5)
FN:54,(anonymous_6)
FN:75,(anonymous_7)
FN:76,(anonymous_8)
FN:78,(anonymous_9)
FN:82,(anonymous_10)
FN:86,(anonymous_11)
FN:90,(anonymous_12)
FN:95,(anonymous_13)
FN:99,(anonymous_14)
FN:102,(anonymous_15)
FN:114,(anonymous_16)
FN:119,(anonymous_17)
FN:133,(anonymous_18)
FN:139,(anonymous_19)
FN:149,(anonymous_20)
FN:153,(anonymous_21)
FN:157,(anonymous_22)
FN:162,(anonymous_23)
FN:166,(anonymous_24)
FN:171,(anonymous_25)
FN:172,(anonymous_26)
FN:51,(anonymous_27)
FNF:28
FNH:19
FNDA:28,(anonymous_0)
FNDA:1,(anonymous_1)
FNDA:0,(anonymous_2)
FNDA:0,(anonymous_3)
FNDA:0,(anonymous_4)
FNDA:0,(anonymous_5)
FNDA:3,(anonymous_6)
FNDA:2,(anonymous_7)
FNDA:1,(anonymous_8)
FNDA:3,(anonymous_9)
FNDA:3,(anonymous_10)
FNDA:13,(anonymous_11)
FNDA:4,(anonymous_12)
FNDA:2,(anonymous_13)
FNDA:3,(anonymous_14)
FNDA:5,(anonymous_15)
FNDA:3,(anonymous_16)
FNDA:1,(anonymous_17)
FNDA:0,(anonymous_18)
FNDA:1,(anonymous_19)
FNDA:1,(anonymous_20)
FNDA:0,(anonymous_21)
FNDA:0,(anonymous_22)
FNDA:0,(anonymous_23)
FNDA:3,(anonymous_24)
FNDA:2,(anonymous_25)
FNDA:10,(anonymous_26)
FNDA:0,(anonymous_27)
DA:9,1
DA:25,28
DA:27,1
DA:28,1
DA:29,0
DA:30,0
DA:31,0
DA:35,0
DA:51,0
DA:54,1
DA:55,3
DA:56,3
DA:57,3
DA:58,3
DA:59,3
DA:60,3
DA:61,3
DA:63,3
DA:64,3
DA:66,3
DA:70,3
DA:71,3
DA:73,3
DA:74,3
DA:75,3
DA:76,3
DA:79,3
DA:83,3
DA:87,13
DA:91,4
DA:92,4
DA:93,3
DA:95,2
DA:96,1
DA:102,3
DA:103,5
DA:104,3
DA:106,2
DA:107,2
DA:108,2
DA:110,2
DA:115,3
DA:116,3
DA:120,1
DA:121,1
DA:122,1
DA:126,1
DA:127,1
DA:128,1
DA:129,1
DA:130,1
DA:134,0
DA:135,0
DA:136,0
DA:140,1
DA:150,1
DA:154,0
DA:158,0
DA:159,0
DA:163,0
DA:167,3
DA:168,3
DA:172,10
DA:173,2
DA:174,2
DA:176,0
DA:177,0
LF:67
LH:53
BRDA:9,0,0,1
BRDA:9,0,1,0
BRDA:25,1,0,9
BRDA:25,1,1,19
BRDA:25,2,0,28
BRDA:25,2,1,9
BRDA:79,3,0,0
BRDA:79,3,1,3
BRDA:83,4,0,0
BRDA:83,4,1,3
BRDA:92,5,0,3
BRDA:92,6,0,4
BRDA:92,6,1,3
BRDA:95,7,0,2
BRDA:95,7,1,0
BRDA:103,8,0,3
BRDA:107,9,0,2
BRDA:123,10,0,1
BRDA:123,10,1,0
BRDA:124,11,0,1
BRDA:124,11,1,0
BRDA:142,12,0,1
BRDA:142,12,1,0
BRDA:143,13,0,1
BRDA:143,13,1,0
BRDA:159,14,0,0
BRDA:159,14,1,0
BRDA:173,15,0,2
BRDA:177,16,0,0
BRDA:177,16,1,0
BRF:30
BRH:18
end_of_record
TN:
SF:projects/canopy-ui/src/lib/forms/date-range/date-range.module.ts
FNF:0
FNH:0
DA:23,1
LF:1
LH:1
BRF:0
BRH:0
end_of_record
TN:
SF:projects/canopy-ui/src/lib/forms/masked-input/masked-input.component.ts
FN:32,(anonymous_0)
FN:46,(anonymous_1)
FN:47,(anonymous_2)
FN:49,(anonymous_3)
FN:53,(anonymous_4)
FN:57,(anonymous_5)
FN:61,(anonymous_6)
FN:65,(anonymous_7)
FN:69,(anonymous_8)
FN:73,(anonymous_9)
FN:78,(anonymous_10)
FN:29,(anonymous_11)
FNF:12
FNH:0
FNDA:0,(anonymous_0)
FNDA:0,(anonymous_1)
FNDA:0,(anonymous_2)
FNDA:0,(anonymous_3)
FNDA:0,(anonymous_4)
FNDA:0,(anonymous_5)
FNDA:0,(anonymous_6)
FNDA:0,(anonymous_7)
FNDA:0,(anonymous_8)
FNDA:0,(anonymous_9)
FNDA:0,(anonymous_10)
FNDA:0,(anonymous_11)
DA:6,1
DA:29,0
DA:32,1
DA:33,0
DA:34,0
DA:35,0
DA:36,0
DA:37,0
DA:38,0
DA:39,0
DA:40,0
DA:42,0
DA:43,0
DA:44,0
DA:46,0
DA:47,0
DA:50,0
DA:54,0
DA:58,0
DA:62,0
DA:66,0
DA:70,0
DA:74,0
DA:75,0
DA:79,0
DA:80,0
LF:26
LH:2
BRDA:50,0,0,0
BRDA:50,0,1,0
BRDA:54,1,0,0
BRDA:54,1,1,0
BRDA:58,2,0,0
BRDA:58,2,1,0
BRF:6
BRH:0
end_of_record
TN:
SF:projects/canopy-ui/src/lib/forms/masked-input/masked-input.module.ts
FNF:0
FNH:0
DA:15,1
LF:1
LH:1
BRF:0
BRH:0
end_of_record
TN:
SF:projects/canopy-ui/src/lib/forms/radio-group/radio-group.component.ts
FN:30,(anonymous_0)
FN:43,(anonymous_1)
FN:44,(anonymous_2)
FN:46,(anonymous_3)
FN:50,(anonymous_4)
FN:54,(anonymous_5)
FN:58,(anonymous_6)
FN:62,(anonymous_7)
FN:27,(anonymous_8)
FNF:9
FNH:0
FNDA:0,(anonymous_0)
FNDA:0,(anonymous_1)
FNDA:0,(anonymous_2)
FNDA:0,(anonymous_3)
FNDA:0,(anonymous_4)
FNDA:0,(anonymous_5)
FNDA:0,(anonymous_6)
FNDA:0,(anonymous_7)
FNDA:0,(anonymous_8)
DA:12,1
DA:27,0
DA:30,1
DA:31,0
DA:32,0
DA:33,0
DA:34,0
DA:35,0
DA:37,0
DA:39,0
DA:40,0
DA:41,0
DA:43,0
DA:44,0
DA:47,0
DA:51,0
DA:55,0
DA:59,0
DA:63,0
DA:64,0
DA:65,0
DA:66,0
LF:22
LH:2
BRF:0
BRH:0
end_of_record
TN:
SF:projects/canopy-ui/src/lib/forms/radio-group/radio-group.module.ts
FNF:0
FNH:0
DA:11,1
LF:1
LH:1
BRF:0
BRH:0
end_of_record
TN:
SF:projects/canopy-ui/src/lib/forms/select/select.component.ts
FN:31,(anonymous_0)
FN:40,(anonymous_1)
FN:48,(anonymous_2)
FN:49,(anonymous_3)
FN:55,(anonymous_4)
FN:65,(anonymous_5)
FN:71,(anonymous_6)
FN:72,(anonymous_7)
FN:75,(anonymous_8)
FN:79,(anonymous_9)
FN:83,(anonymous_10)
FN:87,(anonymous_11)
FN:91,(anonymous_12)
FN:97,(anonymous_13)
FN:28,(anonymous_14)
FNF:15
FNH:6
FNDA:2,(anonymous_0)
FNDA:6,(anonymous_1)
FNDA:0,(anonymous_2)
FNDA:0,(anonymous_3)
FNDA:6,(anonymous_4)
FNDA:4,(anonymous_5)
FNDA:8,(anonymous_6)
FNDA:8,(anonymous_7)
FNDA:0,(anonymous_8)
FNDA:0,(anonymous_9)
FNDA:0,(anonymous_10)
FNDA:0,(anonymous_11)
FNDA:0,(anonymous_12)
FNDA:0,(anonymous_13)
FNDA:0,(anonymous_14)
DA:28,0
DA:31,1
DA:32,2
DA:33,2
DA:34,2
DA:35,2
DA:36,2
DA:37,2
DA:38,2
DA:39,2
DA:40,6
DA:41,2
DA:43,2
DA:45,2
DA:46,2
DA:48,2
DA:49,2
DA:51,2
DA:52,2
DA:56,6
DA:57,2
DA:58,2
DA:59,6
DA:60,6
DA:61,4
DA:63,6
DA:65,4
DA:66,2
DA:68,6
DA:72,8
DA:76,0
DA:80,0
DA:84,0
DA:88,0
DA:92,0
DA:93,0
DA:94,0
DA:98,0
LF:38
LH:29
BRDA:56,0,0,2
BRDA:59,1,0,6
BRDA:59,1,1,0
BRDA:60,2,0,4
BRF:4
BRH:3
end_of_record
TN:
SF:projects/canopy-ui/src/lib/forms/select/select.module.ts
FNF:0
FNH:0
DA:12,1
LF:1
LH:1
BRF:0
BRH:0
end_of_record
TN:
SF:projects/canopy-ui/src/lib/forms/toggle/toggle.component.ts
FN:21,(anonymous_0)
FN:33,(anonymous_1)
FN:34,(anonymous_2)
FN:36,(anonymous_3)
FN:40,(anonymous_4)
FN:44,(anonymous_5)
FN:48,(anonymous_6)
FN:52,(anonymous_7)
FN:56,(anonymous_8)
FN:18,(anonymous_9)
FNF:10
FNH:3
FNDA:3,(anonymous_0)
FNDA:0,(anonymous_1)
FNDA:0,(anonymous_2)
FNDA:8,(anonymous_3)
FNDA:1,(anonymous_4)
FNDA:0,(anonymous_5)
FNDA:0,(anonymous_6)
FNDA:0,(anonymous_7)
FNDA:0,(anonymous_8)
FNDA:0,(anonymous_9)
DA:18,0
DA:21,1
DA:22,3
DA:23,3
DA:24,3
DA:25,3
DA:26,3
DA:28,3
DA:30,3
DA:31,3
DA:33,3
DA:34,3
DA:37,8
DA:41,1
DA:45,0
DA:49,0
DA:53,0
DA:57,0
DA:58,0
DA:59,0
DA:60,0
LF:21
LH:13
BRDA:37,0,0,1
BRDA:37,0,1,7
BRF:2
BRH:2
end_of_record
TN:
SF:projects/canopy-ui/src/lib/forms/toggle/toggle.module.ts
FNF:0
FNH:0
DA:11,1
LF:1
LH:1
BRF:0
BRH:0
end_of_record
TN:
SF:projects/canopy-ui/src/lib/icons/icon-registry.ts
FN:34,(anonymous_0)
FN:38,(anonymous_1)
FN:51,(anonymous_2)
FNF:3
FNH:3
FNDA:2,(anonymous_0)
FNDA:2,(anonymous_1)
FNDA:2,(anonymous_2)
DA:6,1
DA:8,1
DA:15,1
DA:24,1
DA:31,1
DA:32,2
DA:34,2
DA:35,2
DA:36,2
DA:39,2
DA:40,1
DA:44,1
DA:48,1
DA:52,2
LF:14
LH:14
BRDA:38,0,0,2
BRDA:38,1,0,2
BRDA:38,1,1,0
BRDA:39,2,0,1
BRF:4
BRH:3
end_of_record
TN:
SF:projects/canopy-ui/src/lib/icons/icon.module.ts
FN:14,(anonymous_0)
FNF:1
FNH:0
FNDA:0,(anonymous_0)
DA:13,1
DA:15,0
LF:2
LH:1
BRF:0
BRH:0
end_of_record
TN:
SF:projects/canopy-ui/src/lib/layout/page-header/page-header.component.ts
FN:25,(anonymous_0)
FNF:1
FNH:1
FNDA:1,(anonymous_0)
DA:25,1
DA:26,1
DA:27,1
DA:28,1
DA:29,1
DA:30,1
DA:31,1
DA:32,1
LF:8
LH:8
BRF:0
BRH:0
end_of_record
TN:
SF:projects/canopy-ui/src/lib/layout/page-header/page-header.module.ts
FNF:0
FNH:0
DA:12,1
LF:1
LH:1
BRF:0
BRH:0
end_of_record
TN:
SF:projects/canopy-ui/src/lib/layout/page-shell/page-shell.component.ts
FN:33,(anonymous_0)
FN:47,(anonymous_1)
FN:51,(anonymous_2)
FN:55,(anonymous_3)
FN:59,(anonymous_4)
FNF:5
FNH:2
FNDA:2,(anonymous_0)
FNDA:4,(anonymous_1)
FNDA:0,(anonymous_2)
FNDA:0,(anonymous_3)
FNDA:0,(anonymous_4)
DA:33,1
DA:34,2
DA:35,2
DA:36,2
DA:37,2
DA:38,2
DA:39,2
DA:40,2
DA:42,2
DA:43,2
DA:45,2
DA:48,4
DA:52,0
DA:56,0
DA:60,0
DA:61,0
DA:63,0
DA:64,0
LF:18
LH:12
BRDA:48,0,0,4
BRDA:48,0,1,4
BRDA:60,1,0,0
BRF:3
BRH:2
end_of_record
TN:
SF:projects/canopy-ui/src/lib/layout/page-shell/page-shell.module.ts
FNF:0
FNH:0
DA:17,1
LF:1
LH:1
BRF:0
BRH:0
end_of_record
TN:
SF:projects/canopy-ui/src/lib/layout/page-shell/theme-toggle.component.ts
FN:27,(anonymous_0)
FN:29,(anonymous_1)
FNF:2
FNH:0
FNDA:0,(anonymous_0)
FNDA:0,(anonymous_1)
DA:19,1
DA:20,0
DA:25,0
DA:27,0
DA:30,0
LF:5
LH:1
BRF:0
BRH:0
end_of_record
TN:
SF:projects/canopy-ui/src/lib/navigation/stepper-shell/step.directive.ts
FN:12,(anonymous_0)
FNF:1
FNH:0
FNDA:0,(anonymous_0)
DA:6,1
DA:7,0
DA:8,0
DA:9,0
DA:10,0
DA:12,0
LF:6
LH:1
BRF:0
BRH:0
end_of_record
TN:
SF:projects/canopy-ui/src/lib/navigation/stepper-shell/stepper-shell.component.ts
FN:24,(anonymous_0)
FN:39,(anonymous_1)
FN:43,(anonymous_2)
FN:47,(anonymous_3)
FN:51,(anonymous_4)
FN:67,(anonymous_5)
FN:71,(anonymous_6)
FNF:7
FNH:0
FNDA:0,(anonymous_0)
FNDA:0,(anonymous_1)
FNDA:0,(anonymous_2)
FNDA:0,(anonymous_3)
FNDA:0,(anonymous_4)
FNDA:0,(anonymous_5)
FNDA:0,(anonymous_6)
DA:24,1
DA:25,0
DA:26,0
DA:27,0
DA:28,0
DA:29,0
DA:30,0
DA:32,0
DA:33,0
DA:34,0
DA:40,0
DA:44,0
DA:48,0
DA:52,0
DA:53,0
DA:54,0
DA:55,0
DA:57,0
DA:58,0
DA:59,0
DA:60,0
DA:61,0
DA:63,0
DA:68,0
DA:72,0
LF:25
LH:1
BRDA:40,0,0,0
BRDA:40,0,1,0
BRDA:44,1,0,0
BRDA:44,1,1,0
BRDA:54,2,0,0
BRDA:54,3,0,0
BRDA:54,3,1,0
BRDA:54,3,2,0
BRDA:57,4,0,0
BRDA:57,4,1,0
BRDA:59,5,0,0
BRDA:60,6,0,0
BRF:12
BRH:0
end_of_record
TN:
SF:projects/canopy-ui/src/lib/navigation/stepper-shell/stepper-shell.module.ts
FNF:0
FNH:0
DA:13,1
LF:1
LH:1
BRF:0
BRH:0
end_of_record
TN:
SF:projects/canopy-ui/src/lib/navigation/tabs/tab.directive.ts
FN:11,(anonymous_0)
FNF:1
FNH:1
FNDA:4,(anonymous_0)
DA:5,1
DA:6,4
DA:7,4
DA:8,4
DA:9,4
DA:11,4
LF:6
LH:6
BRF:0
BRH:0
end_of_record
TN:
SF:projects/canopy-ui/src/lib/navigation/tabs/tabs.component.ts
FN:33,(anonymous_0)
FN:36,(anonymous_1)
FN:40,(anonymous_2)
FNF:3
FNH:2
FNDA:2,(anonymous_0)
FNDA:2,(anonymous_1)
FNDA:0,(anonymous_2)
DA:24,1
DA:25,2
DA:26,2
DA:27,2
DA:29,2
DA:33,2
DA:37,2
DA:41,0
DA:42,0
LF:9
LH:7
BRF:0
BRH:0
end_of_record
TN:
SF:projects/canopy-ui/src/lib/navigation/tabs/tabs.module.ts
FNF:0
FNH:0
DA:13,1
LF:1
LH:1
BRF:0
BRH:0
end_of_record
TN:
SF:projects/canopy-ui/src/lib/overlays/bottom-sheet/bottom-sheet.component.ts
FN:23,(anonymous_0)
FN:25,(anonymous_1)
FNF:2
FNH:0
FNDA:0,(anonymous_0)
FNDA:0,(anonymous_1)
DA:17,1
DA:18,0
DA:19,0
DA:21,0
DA:23,0
DA:26,0
DA:27,0
DA:28,0
LF:8
LH:1
BRDA:27,0,0,0
BRDA:27,1,0,0
BRDA:27,1,1,0
BRF:3
BRH:0
end_of_record
TN:
SF:projects/canopy-ui/src/lib/overlays/bottom-sheet/bottom-sheet.module.ts
FNF:0
FNH:0
DA:13,1
LF:1
LH:1
BRF:0
BRH:0
end_of_record
TN:
SF:projects/canopy-ui/src/lib/overlays/bottom-sheet/bottom-sheet.service.ts
FN:7,(anonymous_0)
FN:9,(anonymous_1)
FN:16,(anonymous_2)
FNF:3
FNH:0
FNDA:0,(anonymous_0)
FNDA:0,(anonymous_1)
FNDA:0,(anonymous_2)
DA:6,1
DA:7,0
DA:10,0
DA:11,0
DA:17,0
LF:5
LH:1
BRDA:9,0,0,0
BRDA:11,1,0,0
BRDA:11,1,1,0
BRF:3
BRH:0
end_of_record
TN:
SF:projects/canopy-ui/src/lib/overlays/dialog-shell/confirm-dialog.component.ts
FN:27,(anonymous_0)
FNF:1
FNH:1
FNDA:1,(anonymous_0)
DA:26,1
DA:27,1
LF:2
LH:2
BRF:0
BRH:0
end_of_record
TN:
SF:projects/canopy-ui/src/lib/overlays/dialog-shell/dialog-shell.component.ts
FN:39,(anonymous_0)
FN:41,(anonymous_1)
FNF:2
FNH:1
FNDA:1,(anonymous_0)
FNDA:0,(anonymous_1)
DA:29,1
DA:30,1
DA:31,1
DA:32,1
DA:33,1
DA:34,1
DA:35,1
DA:37,1
DA:39,1
DA:42,0
DA:43,0
DA:44,0
LF:12
LH:9
BRDA:43,0,0,0
BRDA:43,1,0,0
BRDA:43,1,1,0
BRF:3
BRH:0
end_of_record
TN:
SF:projects/canopy-ui/src/lib/overlays/dialog-shell/dialog-shell.module.ts
FNF:0
FNH:0
DA:15,1
LF:1
LH:1
BRF:0
BRH:0
end_of_record
TN:
SF:projects/canopy-ui/src/lib/overlays/dialog-shell/dialog.service.ts
FN:19,(anonymous_0)
FN:21,(anonymous_1)
FN:32,(anonymous_2)
FN:39,(anonymous_3)
FN:42,(anonymous_4)
FNF:5
FNH:5
FNDA:1,(anonymous_0)
FNDA:1,(anonymous_1)
FNDA:1,(anonymous_2)
FNDA:1,(anonymous_3)
FNDA:1,(anonymous_4)
DA:18,1
DA:19,1
DA:22,1
DA:23,1
DA:29,1
DA:33,1
DA:39,1
DA:43,1
LF:8
LH:8
BRDA:21,0,0,0
BRDA:22,1,0,0
BRDA:29,2,0,0
BRDA:29,2,1,1
BRF:4
BRH:1
end_of_record
TN:
SF:projects/canopy-ui/src/lib/overlays/toast/toast.component.ts
FN:27,(anonymous_0)
FN:29,(anonymous_1)
FN:33,(anonymous_2)
FN:37,(anonymous_3)
FNF:4
FNH:2
FNDA:2,(anonymous_0)
FNDA:2,(anonymous_1)
FNDA:0,(anonymous_2)
FNDA:0,(anonymous_3)
DA:10,1
DA:26,1
DA:27,2
DA:30,2
DA:34,0
DA:38,0
LF:6
LH:4
BRF:0
BRH:0
end_of_record
TN:
SF:projects/canopy-ui/src/lib/overlays/toast/toast.module.ts
FNF:0
FNH:0
DA:13,1
LF:1
LH:1
BRF:0
BRH:0
end_of_record
TN:
SF:projects/canopy-ui/src/lib/overlays/toast/toast.service.ts
FN:26,(anonymous_0)
FN:28,(anonymous_1)
FN:46,(anonymous_2)
FN:50,(anonymous_3)
FN:54,(anonymous_4)
FN:58,(anonymous_5)
FNF:6
FNH:5
FNDA:3,(anonymous_0)
FNDA:3,(anonymous_1)
FNDA:1,(anonymous_2)
FNDA:0,(anonymous_3)
FNDA:1,(anonymous_4)
FNDA:3,(anonymous_5)
DA:25,1
DA:26,3
DA:29,3
DA:30,3
DA:31,3
DA:32,3
DA:33,1
DA:35,2
DA:36,2
DA:47,1
DA:51,0
DA:55,1
DA:59,3
LF:13
LH:12
BRDA:28,0,0,0
BRDA:29,1,0,3
BRDA:29,1,1,1
BRDA:30,2,0,3
BRDA:30,2,1,3
BRDA:30,3,0,1
BRDA:30,3,1,2
BRDA:32,4,0,1
BRDA:33,5,0,0
BRDA:33,5,1,1
BRDA:40,6,0,1
BRDA:40,6,1,1
BRDA:46,7,0,1
BRDA:50,8,0,0
BRDA:54,9,0,0
BRF:15
BRH:11
end_of_record
TN:
SF:projects/canopy-ui/src/lib/overlays/tooltip/tooltip-styles.component.ts
FNF:0
FNH:0
DA:14,1
LF:1
LH:1
BRF:0
BRH:0
end_of_record
TN:
SF:projects/canopy-ui/src/lib/overlays/tooltip/tooltip.directive.ts
FN:18,(anonymous_0)
FN:26,(anonymous_1)
FN:31,(anonymous_2)
FN:36,(anonymous_3)
FN:40,(anonymous_4)
FN:44,(anonymous_5)
FNF:6
FNH:2
FNDA:1,(anonymous_0)
FNDA:1,(anonymous_1)
FNDA:0,(anonymous_2)
FNDA:0,(anonymous_3)
FNDA:0,(anonymous_4)
FNDA:0,(anonymous_5)
DA:17,1
DA:18,1
DA:19,1
DA:20,1
DA:21,1
DA:22,1
DA:27,1
DA:32,0
DA:37,0
DA:41,0
DA:45,0
LF:11
LH:7
BRF:0
BRH:0
end_of_record
TN:
SF:projects/canopy-ui/src/lib/overlays/tooltip/tooltip.module.ts
FNF:0
FNH:0
DA:11,1
LF:1
LH:1
BRF:0
BRH:0
end_of_record
